{"$message_type":"diagnostic","message":"failed to resolve: use of unresolved module or unlinked crate `num_enum`","code":{"code":"E0433","explanation":"An undeclared crate, module, or type was used.\n\nErroneous code example:\n\n```compile_fail,E0433\nlet map = HashMap::new();\n// error: failed to resolve: use of undeclared type `HashMap`\n```\n\nPlease verify you didn't misspell the type/module's name or that you didn't\nforget to import it:\n\n```\nuse std::collections::HashMap; // HashMap has been imported.\nlet map: HashMap<u32, u32> = HashMap::new(); // So it can be used!\n```\n\nIf you've expected to use a crate name:\n\n```compile_fail\nuse ferris_wheel::BigO;\n// error: failed to resolve: use of undeclared module or unlinked crate\n```\n\nMake sure the crate has been added as a dependency in `Cargo.toml`.\n\nTo use a module from your current crate, add the `crate::` prefix to the path.\n"},"level":"error","spans":[{"file_name":"src/opcodes.rs","byte_start":31,"byte_end":39,"line_start":2,"line_end":2,"column_start":19,"column_end":27,"is_primary":true,"text":[{"text":"#[derive(Display, num_enum::TryFromPrimitive, Debug, PartialEq)]","highlight_start":19,"highlight_end":27}],"label":"use of unresolved module or unlinked crate `num_enum`","suggested_replacement":null,"suggestion_applicability":null,"expansion":null}],"children":[],"rendered":"\u001b[1m\u001b[91merror[E0433]\u001b[0m\u001b[1m: failed to resolve: use of unresolved module or unlinked crate `num_enum`\u001b[0m\n \u001b[1m\u001b[94m--> \u001b[0msrc/opcodes.rs:2:19\n  \u001b[1m\u001b[94m|\u001b[0m\n\u001b[1m\u001b[94m2\u001b[0m \u001b[1m\u001b[94m|\u001b[0m #[derive(Display, num_enum::TryFromPrimitive, Debug, PartialEq)]\n  \u001b[1m\u001b[94m|\u001b[0m                   \u001b[1m\u001b[91m^^^^^^^^\u001b[0m \u001b[1m\u001b[91muse of unresolved module or unlinked crate `num_enum`\u001b[0m\n\n"}
{"$message_type":"diagnostic","message":"cannot find derive macro `Display` in this scope","code":null,"level":"error","spans":[{"file_name":"src/opcodes.rs","byte_start":22,"byte_end":29,"line_start":2,"line_end":2,"column_start":10,"column_end":17,"is_primary":true,"text":[{"text":"#[derive(Display, num_enum::TryFromPrimitive, Debug, PartialEq)]","highlight_start":10,"highlight_end":17}],"label":null,"suggested_replacement":null,"suggestion_applicability":null,"expansion":null}],"children":[],"rendered":"\u001b[1m\u001b[91merror\u001b[0m\u001b[1m: cannot find derive macro `Display` in this scope\u001b[0m\n \u001b[1m\u001b[94m--> \u001b[0msrc/opcodes.rs:2:10\n  \u001b[1m\u001b[94m|\u001b[0m\n\u001b[1m\u001b[94m2\u001b[0m \u001b[1m\u001b[94m|\u001b[0m #[derive(Display, num_enum::TryFromPrimitive, Debug, PartialEq)]\n  \u001b[1m\u001b[94m|\u001b[0m          \u001b[1m\u001b[91m^^^^^^^\u001b[0m\n\n"}
{"$message_type":"diagnostic","message":"mismatched types","code":{"code":"E0308","explanation":"Expected type did not match the received type.\n\nErroneous code examples:\n\n```compile_fail,E0308\nfn plus_one(x: i32) -> i32 {\n    x + 1\n}\n\nplus_one(\"Not a number\");\n//       ^^^^^^^^^^^^^^ expected `i32`, found `&str`\n\nif \"Not a bool\" {\n// ^^^^^^^^^^^^ expected `bool`, found `&str`\n}\n\nlet x: f32 = \"Not a float\";\n//     ---   ^^^^^^^^^^^^^ expected `f32`, found `&str`\n//     |\n//     expected due to this\n```\n\nThis error occurs when an expression was used in a place where the compiler\nexpected an expression of a different type. It can occur in several cases, the\nmost common being when calling a function and passing an argument which has a\ndifferent type than the matching type in the function declaration.\n"},"level":"error","spans":[{"file_name":"src/main.rs","byte_start":749,"byte_end":765,"line_start":25,"line_end":25,"column_start":49,"column_end":65,"is_primary":true,"text":[{"text":"                        instruction = from_7_25(OpCode::LOAD_IMM, line[0].parse().unwrap())","highlight_start":49,"highlight_end":65}],"label":"expected `u8`, found `OpCode`","suggested_replacement":null,"suggestion_applicability":null,"expansion":null},{"file_name":"src/main.rs","byte_start":739,"byte_end":748,"line_start":25,"line_end":25,"column_start":39,"column_end":48,"is_primary":false,"text":[{"text":"                        instruction = from_7_25(OpCode::LOAD_IMM, line[0].parse().unwrap())","highlight_start":39,"highlight_end":48}],"label":"arguments to this function are incorrect","suggested_replacement":null,"suggestion_applicability":null,"expansion":null}],"children":[{"message":"function defined here","code":null,"level":"note","spans":[{"file_name":"src/main.rs","byte_start":1087,"byte_end":1097,"line_start":41,"line_end":41,"column_start":14,"column_end":24,"is_primary":false,"text":[{"text":"fn from_7_25(opcode: u8, imm: u32) -> u32 {","highlight_start":14,"highlight_end":24}],"label":"","suggested_replacement":null,"suggestion_applicability":null,"expansion":null},{"file_name":"src/main.rs","byte_start":1077,"byte_end":1086,"line_start":41,"line_end":41,"column_start":4,"column_end":13,"is_primary":true,"text":[{"text":"fn from_7_25(opcode: u8, imm: u32) -> u32 {","highlight_start":4,"highlight_end":13}],"label":null,"suggested_replacement":null,"suggestion_applicability":null,"expansion":null}],"children":[],"rendered":null}],"rendered":"\u001b[1m\u001b[91merror[E0308]\u001b[0m\u001b[1m: mismatched types\u001b[0m\n  \u001b[1m\u001b[94m--> \u001b[0msrc/main.rs:25:49\n   \u001b[1m\u001b[94m|\u001b[0m\n\u001b[1m\u001b[94m25\u001b[0m \u001b[1m\u001b[94m|\u001b[0m                         instruction = from_7_25(OpCode::LOAD_IMM, line[0].parse().unwrap())\n   \u001b[1m\u001b[94m|\u001b[0m                                       \u001b[1m\u001b[94m---------\u001b[0m \u001b[1m\u001b[91m^^^^^^^^^^^^^^^^\u001b[0m \u001b[1m\u001b[91mexpected `u8`, found `OpCode`\u001b[0m\n   \u001b[1m\u001b[94m|\u001b[0m                                       \u001b[1m\u001b[94m|\u001b[0m\n   \u001b[1m\u001b[94m|\u001b[0m                                       \u001b[1m\u001b[94marguments to this function are incorrect\u001b[0m\n   \u001b[1m\u001b[94m|\u001b[0m\n\u001b[1m\u001b[92mnote\u001b[0m: function defined here\n  \u001b[1m\u001b[94m--> \u001b[0msrc/main.rs:41:4\n   \u001b[1m\u001b[94m|\u001b[0m\n\u001b[1m\u001b[94m41\u001b[0m \u001b[1m\u001b[94m|\u001b[0m fn from_7_25(opcode: u8, imm: u32) -> u32 {\n   \u001b[1m\u001b[94m|\u001b[0m    \u001b[1m\u001b[92m^^^^^^^^^\u001b[0m \u001b[1m\u001b[94m----------\u001b[0m\n\n"}
{"$message_type":"diagnostic","message":"aborting due to 3 previous errors","code":null,"level":"error","spans":[],"children":[],"rendered":"\u001b[1m\u001b[91merror\u001b[0m\u001b[1m: aborting due to 3 previous errors\u001b[0m\n\n"}
{"$message_type":"diagnostic","message":"Some errors have detailed explanations: E0308, E0433.","code":null,"level":"failure-note","spans":[],"children":[],"rendered":"\u001b[1mSome errors have detailed explanations: E0308, E0433.\u001b[0m\n"}
{"$message_type":"diagnostic","message":"For more information about an error, try `rustc --explain E0308`.","code":null,"level":"failure-note","spans":[],"children":[],"rendered":"\u001b[1mFor more information about an error, try `rustc --explain E0308`.\u001b[0m\n"}
